-------------------------------------------------------------------------------
Test set: guru.springframework.GreetingTest
-------------------------------------------------------------------------------
Tests run: 3, Failures: 1, Errors: 0, Skipped: 0, Time elapsed: 0.051 s <<< FAILURE! - in guru.springframework.GreetingTest
testHelloWorld  Time elapsed: 0.008 s  <<< FAILURE!
org.opentest4j.AssertionFailedError: expected: <true> but was: <false>
	at guru.springframework.GreetingTest.testHelloWorld(GreetingTest.java:28)

