<?xml version="1.0" encoding="UTF-8"?>
<testsuite xmlns:xsi="http://www.w3.org/2001/XMLSchema-instance" xsi:noNamespaceSchemaLocation="https://maven.apache.org/surefire/maven-surefire-plugin/xsd/surefire-test-report.xsd" name="guru.springframework.GreetingTest" time="0.051" tests="3" errors="0" skipped="0" failures="1">
  <properties>
[...]
</properties>
  <testcase name="testHelloWorld1" classname="guru.springframework.GreetingTest" time="0.01"/>
  <testcase name="testHelloWorld2" classname="guru.springframework.GreetingTest" time="0.015"/>
  <testcase name="testHelloWorld" classname="guru.springframework.GreetingTest" time="0.008">
    <failure message="expected: &lt;true&gt; but was: &lt;false&gt;" type="org.opentest4j.AssertionFailedError"><![CDATA[org.opentest4j.AssertionFailedError: expected: <true> but was: <false>
	at guru.springframework.GreetingTest.testHelloWorld(GreetingTest.java:28)
]]></failure>
    <system-out><![CDATA[In Before Each...
Hello Hello
In After Each......
]]></system-out>
  </testcase>
</testsuite>